<?xml version="1.0" encoding="UTF-8"?>
<!-- Generated by org.testng.reporters.JUnitReportReporter -->
<testsuite skipped="0" hostname="MANOHAR" name="Script.Demo" tests="1" failures="0" timestamp="21 Feb 2019 18:01:10 GMT" time="80.362" errors="0">
  <testcase name="test" time="80.362" classname="Script.Demo"/>
</testsuite> <!-- Script.Demo -->
